// 重构日志: 89684f97
// 重构日志: 3faa4280
// 同步 ID: 272bc116 @ Wed Jul  1 12:34:43 UTC 2026
// 同步 ID: d3098681 @ Thu Jul  2 10:53:00 UTC 2026
// 重构日志: 8658be91
// 重构日志: 8f819bd4
// 同步 ID: 12e0416a @ Sun Jul  5 10:05:23 UTC 2026
// 重构日志: 13e9c363
// 重构日志: addce9f6
// 同步 ID: d9d05972 @ Fri Jul 10 11:11:07 UTC 2026
// 同步 ID: 9fffd93b @ Sun Jul 12 15:59:29 UTC 2026
// 重构日志: d2054473
// 重构日志: 0026abdf
// 重构日志: 062e8564
// 重构日志: 0bf15b7a
// 重构日志: 12d057dc
// 同步 ID: c7e7be7f @ Fri Jul 17 09:22:05 UTC 2026
// 同步 ID: 69acc8e4 @ Fri Jul 17 17:16:07 UTC 2026
// 同步 ID: 6aedbefd @ Sat Jul 18 07:50:27 UTC 2026
// 重构日志: 1e735c50
// 同步 ID: 7048c999 @ Tue Jul 21 13:12:41 UTC 2026
// 重构日志: 42982a40
